<!DOCTYPE html>
<html>
<head>
<meta http-equiv="Content-Type" content="text/html; charset=utf-8"/>
<meta http-equiv="x-ua-compatible" content="IE=edge"/>
<title>Test results - Class com.phonebook.tests.LoginTests</title>
<link href="../css/base-style.css" rel="stylesheet" type="text/css"/>
<link href="../css/style.css" rel="stylesheet" type="text/css"/>
<script src="../js/report.js" type="text/javascript"></script>
</head>
<body>
<div id="content">
<h1>Class com.phonebook.tests.LoginTests</h1>
<div class="breadcrumbs">
<a href="../index.html">all</a> &gt; 
<a href="../packages/com.phonebook.tests.html">com.phonebook.tests</a> &gt; LoginTests</div>
<div id="summary">
<table>
<tr>
<td>
<div class="summaryGroup">
<table>
<tr>
<td>
<div class="infoBox" id="tests">
<div class="counter">1</div>
<p>tests</p>
</div>
</td>
<td>
<div class="infoBox" id="failures">
<div class="counter">1</div>
<p>failures</p>
</div>
</td>
<td>
<div class="infoBox" id="ignored">
<div class="counter">0</div>
<p>ignored</p>
</div>
</td>
<td>
<div class="infoBox" id="duration">
<div class="counter">20.869s</div>
<p>duration</p>
</div>
</td>
</tr>
</table>
</div>
</td>
<td>
<div class="infoBox failures" id="successRate">
<div class="percent">0%</div>
<p>successful</p>
</div>
</td>
</tr>
</table>
</div>
<div id="tabs">
<ul class="tabLinks">
<li>
<a href="#tab0">Failed tests</a>
</li>
<li>
<a href="#tab1">Tests</a>
</li>
<li>
<a href="#tab2">Standard output</a>
</li>
</ul>
<div id="tab0" class="tab">
<h2>Failed tests</h2>
<div class="test">
<a name="loginNegativeWithoutEmailTest"></a>
<h3 class="failures">loginNegativeWithoutEmailTest</h3>
<span class="code">
<pre>org.openqa.selenium.TimeoutException: Expected condition failed: waiting for alert to be present (tried for 20 second(s) with 500 milliseconds interval)
Build info: version: '4.21.0', revision: '79ed462ef4'
System info: os.name: 'Windows 11', os.arch: 'amd64', os.version: '10.0', java.version: '11.0.22'
Driver info: net.bytebuddy.renamed.java.lang.Object$ByteBuddy$Bzsfxbs1
Capabilities {acceptInsecureCerts: false, browserName: chrome, browserVersion: 126.0.6478.114, chrome: {chromedriverVersion: 126.0.6478.55 (7616ff175414..., userDataDir: C:\Users\Tanya\AppData\Loca...}, fedcm:accounts: true, goog:chromeOptions: {debuggerAddress: localhost:57529}, networkConnectionEnabled: false, pageLoadStrategy: normal, platformName: windows, proxy: Proxy(), se:cdp: ws://localhost:57529/devtoo..., se:cdpVersion: 126.0.6478.114, setWindowRect: true, strictFileInteractability: false, timeouts: {implicit: 0, pageLoad: 300000, script: 30000}, unhandledPromptBehavior: dismiss and notify, webauthn:extension:credBlob: true, webauthn:extension:largeBlob: true, webauthn:extension:minPinLength: true, webauthn:extension:prf: true, webauthn:virtualAuthenticators: true}
Session ID: 51926c429f737383bd147c6c87343b8f
	at app//org.openqa.selenium.support.ui.WebDriverWait.timeoutException(WebDriverWait.java:84)
	at app//org.openqa.selenium.support.ui.FluentWait.until(FluentWait.java:228)
	at app//com.phonebook.fw.BaseHelper.isAlertPresent(BaseHelper.java:38)
	at app//com.phonebook.tests.LoginTests.loginNegativeWithoutEmailTest(LoginTests.java:58)
	at java.base@11.0.22/jdk.internal.reflect.NativeMethodAccessorImpl.invoke0(Native Method)
	at java.base@11.0.22/jdk.internal.reflect.NativeMethodAccessorImpl.invoke(NativeMethodAccessorImpl.java:62)
	at java.base@11.0.22/jdk.internal.reflect.DelegatingMethodAccessorImpl.invoke(DelegatingMethodAccessorImpl.java:43)
	at java.base@11.0.22/java.lang.reflect.Method.invoke(Method.java:566)
	at app//org.testng.internal.invokers.MethodInvocationHelper.invokeMethod(MethodInvocationHelper.java:141)
	at app//org.testng.internal.invokers.TestInvoker.invokeMethod(TestInvoker.java:686)
	at app//org.testng.internal.invokers.TestInvoker.invokeTestMethod(TestInvoker.java:230)
	at app//org.testng.internal.invokers.MethodRunner.runInSequence(MethodRunner.java:63)
	at app//org.testng.internal.invokers.TestInvoker$MethodInvocationAgent.invoke(TestInvoker.java:992)
	at app//org.testng.internal.invokers.TestInvoker.invokeTestMethods(TestInvoker.java:203)
	at app//org.testng.internal.invokers.TestMethodWorker.invokeTestMethods(TestMethodWorker.java:154)
	at app//org.testng.internal.invokers.TestMethodWorker.run(TestMethodWorker.java:134)
	at java.base@11.0.22/java.util.ArrayList.forEach(ArrayList.java:1541)
	at app//org.testng.TestRunner.privateRun(TestRunner.java:739)
	at app//org.testng.TestRunner.run(TestRunner.java:614)
	at app//org.testng.SuiteRunner.runTest(SuiteRunner.java:421)
	at app//org.testng.SuiteRunner.runSequentially(SuiteRunner.java:413)
	at app//org.testng.SuiteRunner.privateRun(SuiteRunner.java:373)
	at app//org.testng.SuiteRunner.run(SuiteRunner.java:312)
	at app//org.testng.SuiteRunnerWorker.runSuite(SuiteRunnerWorker.java:52)
	at app//org.testng.SuiteRunnerWorker.run(SuiteRunnerWorker.java:95)
	at app//org.testng.TestNG.runSuitesSequentially(TestNG.java:1274)
	at app//org.testng.TestNG.runSuitesLocally(TestNG.java:1208)
	at app//org.testng.TestNG.runSuites(TestNG.java:1112)
	at app//org.testng.TestNG.run(TestNG.java:1079)
	at org.gradle.api.internal.tasks.testing.testng.TestNGTestClassProcessor.runTests(TestNGTestClassProcessor.java:153)
	at org.gradle.api.internal.tasks.testing.testng.TestNGTestClassProcessor.stop(TestNGTestClassProcessor.java:96)
	at org.gradle.api.internal.tasks.testing.SuiteTestClassProcessor.stop(SuiteTestClassProcessor.java:62)
	at java.base@11.0.22/jdk.internal.reflect.NativeMethodAccessorImpl.invoke0(Native Method)
	at java.base@11.0.22/jdk.internal.reflect.NativeMethodAccessorImpl.invoke(NativeMethodAccessorImpl.java:62)
	at java.base@11.0.22/jdk.internal.reflect.DelegatingMethodAccessorImpl.invoke(DelegatingMethodAccessorImpl.java:43)
	at java.base@11.0.22/java.lang.reflect.Method.invoke(Method.java:566)
	at org.gradle.internal.dispatch.ReflectionDispatch.dispatch(ReflectionDispatch.java:36)
	at org.gradle.internal.dispatch.ReflectionDispatch.dispatch(ReflectionDispatch.java:24)
	at org.gradle.internal.dispatch.ContextClassLoaderDispatch.dispatch(ContextClassLoaderDispatch.java:33)
	at org.gradle.internal.dispatch.ProxyDispatchAdapter$DispatchingInvocationHandler.invoke(ProxyDispatchAdapter.java:94)
	at com.sun.proxy.$Proxy2.stop(Unknown Source)
	at org.gradle.api.internal.tasks.testing.worker.TestWorker$3.run(TestWorker.java:193)
	at org.gradle.api.internal.tasks.testing.worker.TestWorker.executeAndMaintainThreadName(TestWorker.java:129)
	at org.gradle.api.internal.tasks.testing.worker.TestWorker.execute(TestWorker.java:100)
	at org.gradle.api.internal.tasks.testing.worker.TestWorker.execute(TestWorker.java:60)
	at org.gradle.process.internal.worker.child.ActionExecutionWorker.execute(ActionExecutionWorker.java:56)
	at org.gradle.process.internal.worker.child.SystemApplicationClassLoaderWorker.call(SystemApplicationClassLoaderWorker.java:119)
	at org.gradle.process.internal.worker.child.SystemApplicationClassLoaderWorker.call(SystemApplicationClassLoaderWorker.java:66)
	at app//worker.org.gradle.process.internal.worker.GradleWorkerMain.run(GradleWorkerMain.java:69)
	at app//worker.org.gradle.process.internal.worker.GradleWorkerMain.main(GradleWorkerMain.java:74)
</pre>
</span>
</div>
</div>
<div id="tab1" class="tab">
<h2>Tests</h2>
<table>
<thead>
<tr>
<th>Test</th>
<th>Duration</th>
<th>Result</th>
</tr>
</thead>
<tr>
<td class="failures">loginNegativeWithoutEmailTest</td>
<td class="failures">20.869s</td>
<td class="failures">failed</td>
</tr>
</table>
</div>
<div id="tab2" class="tab">
<h2>Standard output</h2>
<span class="code">
<pre>18:41:05.539 [Test worker] INFO  com.phonebook.tests.TestBase -- Start test loginNegativeWithoutEmailTest with data: []
18:41:05.541 [Test worker] INFO  com.phonebook.utils.MyListener -- Before find elements -&gt; By.cssSelector: [href='/login']
18:41:05.573 [Test worker] INFO  com.phonebook.utils.MyListener -- After find elements -&gt; By.cssSelector: [href='/login']
18:41:05.575 [Test worker] INFO  com.phonebook.utils.MyListener -- List size is 1
18:41:05.577 [Test worker] INFO  com.phonebook.utils.MyListener -- Before find element -&gt; By.cssSelector: [href='/login']
18:41:05.611 [Test worker] INFO  com.phonebook.utils.MyListener -- After find element -&gt; By.cssSelector: [href='/login']
18:41:05.692 [Test worker] INFO  com.phonebook.utils.MyListener -- Before find element -&gt; By.name: password
18:41:05.737 [Test worker] INFO  com.phonebook.utils.MyListener -- After find element -&gt; By.name: password
18:41:05.803 [Test worker] INFO  com.phonebook.utils.MyListener -- Before find element -&gt; By.name: password
18:41:05.845 [Test worker] INFO  com.phonebook.utils.MyListener -- After find element -&gt; By.name: password
18:41:05.898 [Test worker] INFO  com.phonebook.utils.MyListener -- Before find element -&gt; By.name: password
18:41:05.955 [Test worker] INFO  com.phonebook.utils.MyListener -- After find element -&gt; By.name: password
18:41:06.070 [Test worker] INFO  com.phonebook.utils.MyListener -- Before find element -&gt; By.name: login
18:41:06.106 [Test worker] INFO  com.phonebook.utils.MyListener -- After find element -&gt; By.name: login
18:41:06.182 [Test worker] INFO  com.phonebook.utils.MyListener -- Something went wrong!!!
18:41:06.183 [Test worker] INFO  com.phonebook.utils.MyListener -- ****************************************************************
18:41:06.183 [Test worker] INFO  com.phonebook.utils.MyListener -- Method -&gt; alert
18:41:06.183 [Test worker] INFO  com.phonebook.utils.MyListener -- ****************************************************************
18:41:06.183 [Test worker] INFO  com.phonebook.utils.MyListener -- Object target org.openqa.selenium.remote.RemoteWebDriver$RemoteTargetLocator@1b6924cb
18:41:06.184 [Test worker] INFO  com.phonebook.utils.MyListener -- ****************************************************************
18:41:06.184 [Test worker] INFO  com.phonebook.utils.MyListener -- Target exception org.openqa.selenium.NoAlertPresentException: no such alert
  (Session info: chrome=126.0.6478.114)
Build info: version: '4.21.0', revision: '79ed462ef4'
System info: os.name: 'Windows 11', os.arch: 'amd64', os.version: '10.0', java.version: '11.0.22'
Driver info: org.openqa.selenium.chrome.ChromeDriver
Command: [51926c429f737383bd147c6c87343b8f, getAlertText {}]
Capabilities {acceptInsecureCerts: false, browserName: chrome, browserVersion: 126.0.6478.114, chrome: {chromedriverVersion: 126.0.6478.55 (7616ff175414..., userDataDir: C:\Users\Tanya\AppData\Loca...}, fedcm:accounts: true, goog:chromeOptions: {debuggerAddress: localhost:57529}, networkConnectionEnabled: false, pageLoadStrategy: normal, platformName: windows, proxy: Proxy(), se:cdp: ws://localhost:57529/devtoo..., se:cdpVersion: 126.0.6478.114, setWindowRect: true, strictFileInteractability: false, timeouts: {implicit: 0, pageLoad: 300000, script: 30000}, unhandledPromptBehavior: dismiss and notify, webauthn:extension:credBlob: true, webauthn:extension:largeBlob: true, webauthn:extension:minPinLength: true, webauthn:extension:prf: true, webauthn:virtualAuthenticators: true}
Session ID: 51926c429f737383bd147c6c87343b8f
18:41:06.726 [Test worker] INFO  com.phonebook.utils.MyListener -- Something went wrong!!!
18:41:06.728 [Test worker] INFO  com.phonebook.utils.MyListener -- ****************************************************************
18:41:06.729 [Test worker] INFO  com.phonebook.utils.MyListener -- Method -&gt; alert
18:41:06.729 [Test worker] INFO  com.phonebook.utils.MyListener -- ****************************************************************
18:41:06.730 [Test worker] INFO  com.phonebook.utils.MyListener -- Object target org.openqa.selenium.remote.RemoteWebDriver$RemoteTargetLocator@6ed043d3
18:41:06.730 [Test worker] INFO  com.phonebook.utils.MyListener -- ****************************************************************
18:41:06.732 [Test worker] INFO  com.phonebook.utils.MyListener -- Target exception org.openqa.selenium.NoAlertPresentException: no such alert
  (Session info: chrome=126.0.6478.114)
Build info: version: '4.21.0', revision: '79ed462ef4'
System info: os.name: 'Windows 11', os.arch: 'amd64', os.version: '10.0', java.version: '11.0.22'
Driver info: org.openqa.selenium.chrome.ChromeDriver
Command: [51926c429f737383bd147c6c87343b8f, getAlertText {}]
Capabilities {acceptInsecureCerts: false, browserName: chrome, browserVersion: 126.0.6478.114, chrome: {chromedriverVersion: 126.0.6478.55 (7616ff175414..., userDataDir: C:\Users\Tanya\AppData\Loca...}, fedcm:accounts: true, goog:chromeOptions: {debuggerAddress: localhost:57529}, networkConnectionEnabled: false, pageLoadStrategy: normal, platformName: windows, proxy: Proxy(), se:cdp: ws://localhost:57529/devtoo..., se:cdpVersion: 126.0.6478.114, setWindowRect: true, strictFileInteractability: false, timeouts: {implicit: 0, pageLoad: 300000, script: 30000}, unhandledPromptBehavior: dismiss and notify, webauthn:extension:credBlob: true, webauthn:extension:largeBlob: true, webauthn:extension:minPinLength: true, webauthn:extension:prf: true, webauthn:virtualAuthenticators: true}
Session ID: 51926c429f737383bd147c6c87343b8f
18:41:07.262 [Test worker] INFO  com.phonebook.utils.MyListener -- Something went wrong!!!
18:41:07.264 [Test worker] INFO  com.phonebook.utils.MyListener -- ****************************************************************
18:41:07.265 [Test worker] INFO  com.phonebook.utils.MyListener -- Method -&gt; alert
18:41:07.266 [Test worker] INFO  com.phonebook.utils.MyListener -- ****************************************************************
18:41:07.267 [Test worker] INFO  com.phonebook.utils.MyListener -- Object target org.openqa.selenium.remote.RemoteWebDriver$RemoteTargetLocator@3d19d85
18:41:07.268 [Test worker] INFO  com.phonebook.utils.MyListener -- ****************************************************************
18:41:07.270 [Test worker] INFO  com.phonebook.utils.MyListener -- Target exception org.openqa.selenium.NoAlertPresentException: no such alert
  (Session info: chrome=126.0.6478.114)
Build info: version: '4.21.0', revision: '79ed462ef4'
System info: os.name: 'Windows 11', os.arch: 'amd64', os.version: '10.0', java.version: '11.0.22'
Driver info: org.openqa.selenium.chrome.ChromeDriver
Command: [51926c429f737383bd147c6c87343b8f, getAlertText {}]
Capabilities {acceptInsecureCerts: false, browserName: chrome, browserVersion: 126.0.6478.114, chrome: {chromedriverVersion: 126.0.6478.55 (7616ff175414..., userDataDir: C:\Users\Tanya\AppData\Loca...}, fedcm:accounts: true, goog:chromeOptions: {debuggerAddress: localhost:57529}, networkConnectionEnabled: false, pageLoadStrategy: normal, platformName: windows, proxy: Proxy(), se:cdp: ws://localhost:57529/devtoo..., se:cdpVersion: 126.0.6478.114, setWindowRect: true, strictFileInteractability: false, timeouts: {implicit: 0, pageLoad: 300000, script: 30000}, unhandledPromptBehavior: dismiss and notify, webauthn:extension:credBlob: true, webauthn:extension:largeBlob: true, webauthn:extension:minPinLength: true, webauthn:extension:prf: true, webauthn:virtualAuthenticators: true}
Session ID: 51926c429f737383bd147c6c87343b8f
18:41:07.797 [Test worker] INFO  com.phonebook.utils.MyListener -- Something went wrong!!!
18:41:07.798 [Test worker] INFO  com.phonebook.utils.MyListener -- ****************************************************************
18:41:07.799 [Test worker] INFO  com.phonebook.utils.MyListener -- Method -&gt; alert
18:41:07.800 [Test worker] INFO  com.phonebook.utils.MyListener -- ****************************************************************
18:41:07.801 [Test worker] INFO  com.phonebook.utils.MyListener -- Object target org.openqa.selenium.remote.RemoteWebDriver$RemoteTargetLocator@42aae04d
18:41:07.802 [Test worker] INFO  com.phonebook.utils.MyListener -- ****************************************************************
18:41:07.802 [Test worker] INFO  com.phonebook.utils.MyListener -- Target exception org.openqa.selenium.NoAlertPresentException: no such alert
  (Session info: chrome=126.0.6478.114)
Build info: version: '4.21.0', revision: '79ed462ef4'
System info: os.name: 'Windows 11', os.arch: 'amd64', os.version: '10.0', java.version: '11.0.22'
Driver info: org.openqa.selenium.chrome.ChromeDriver
Command: [51926c429f737383bd147c6c87343b8f, getAlertText {}]
Capabilities {acceptInsecureCerts: false, browserName: chrome, browserVersion: 126.0.6478.114, chrome: {chromedriverVersion: 126.0.6478.55 (7616ff175414..., userDataDir: C:\Users\Tanya\AppData\Loca...}, fedcm:accounts: true, goog:chromeOptions: {debuggerAddress: localhost:57529}, networkConnectionEnabled: false, pageLoadStrategy: normal, platformName: windows, proxy: Proxy(), se:cdp: ws://localhost:57529/devtoo..., se:cdpVersion: 126.0.6478.114, setWindowRect: true, strictFileInteractability: false, timeouts: {implicit: 0, pageLoad: 300000, script: 30000}, unhandledPromptBehavior: dismiss and notify, webauthn:extension:credBlob: true, webauthn:extension:largeBlob: true, webauthn:extension:minPinLength: true, webauthn:extension:prf: true, webauthn:virtualAuthenticators: true}
Session ID: 51926c429f737383bd147c6c87343b8f
18:41:08.353 [Test worker] INFO  com.phonebook.utils.MyListener -- Something went wrong!!!
18:41:08.354 [Test worker] INFO  com.phonebook.utils.MyListener -- ****************************************************************
18:41:08.354 [Test worker] INFO  com.phonebook.utils.MyListener -- Method -&gt; alert
18:41:08.355 [Test worker] INFO  com.phonebook.utils.MyListener -- ****************************************************************
18:41:08.355 [Test worker] INFO  com.phonebook.utils.MyListener -- Object target org.openqa.selenium.remote.RemoteWebDriver$RemoteTargetLocator@7426a448
18:41:08.355 [Test worker] INFO  com.phonebook.utils.MyListener -- ****************************************************************
18:41:08.356 [Test worker] INFO  com.phonebook.utils.MyListener -- Target exception org.openqa.selenium.NoAlertPresentException: no such alert
  (Session info: chrome=126.0.6478.114)
Build info: version: '4.21.0', revision: '79ed462ef4'
System info: os.name: 'Windows 11', os.arch: 'amd64', os.version: '10.0', java.version: '11.0.22'
Driver info: org.openqa.selenium.chrome.ChromeDriver
Command: [51926c429f737383bd147c6c87343b8f, getAlertText {}]
Capabilities {acceptInsecureCerts: false, browserName: chrome, browserVersion: 126.0.6478.114, chrome: {chromedriverVersion: 126.0.6478.55 (7616ff175414..., userDataDir: C:\Users\Tanya\AppData\Loca...}, fedcm:accounts: true, goog:chromeOptions: {debuggerAddress: localhost:57529}, networkConnectionEnabled: false, pageLoadStrategy: normal, platformName: windows, proxy: Proxy(), se:cdp: ws://localhost:57529/devtoo..., se:cdpVersion: 126.0.6478.114, setWindowRect: true, strictFileInteractability: false, timeouts: {implicit: 0, pageLoad: 300000, script: 30000}, unhandledPromptBehavior: dismiss and notify, webauthn:extension:credBlob: true, webauthn:extension:largeBlob: true, webauthn:extension:minPinLength: true, webauthn:extension:prf: true, webauthn:virtualAuthenticators: true}
Session ID: 51926c429f737383bd147c6c87343b8f
18:41:08.882 [Test worker] INFO  com.phonebook.utils.MyListener -- Something went wrong!!!
18:41:08.883 [Test worker] INFO  com.phonebook.utils.MyListener -- ****************************************************************
18:41:08.884 [Test worker] INFO  com.phonebook.utils.MyListener -- Method -&gt; alert
18:41:08.884 [Test worker] INFO  com.phonebook.utils.MyListener -- ****************************************************************
18:41:08.885 [Test worker] INFO  com.phonebook.utils.MyListener -- Object target org.openqa.selenium.remote.RemoteWebDriver$RemoteTargetLocator@1e3e1014
18:41:08.886 [Test worker] INFO  com.phonebook.utils.MyListener -- ****************************************************************
18:41:08.887 [Test worker] INFO  com.phonebook.utils.MyListener -- Target exception org.openqa.selenium.NoAlertPresentException: no such alert
  (Session info: chrome=126.0.6478.114)
Build info: version: '4.21.0', revision: '79ed462ef4'
System info: os.name: 'Windows 11', os.arch: 'amd64', os.version: '10.0', java.version: '11.0.22'
Driver info: org.openqa.selenium.chrome.ChromeDriver
Command: [51926c429f737383bd147c6c87343b8f, getAlertText {}]
Capabilities {acceptInsecureCerts: false, browserName: chrome, browserVersion: 126.0.6478.114, chrome: {chromedriverVersion: 126.0.6478.55 (7616ff175414..., userDataDir: C:\Users\Tanya\AppData\Loca...}, fedcm:accounts: true, goog:chromeOptions: {debuggerAddress: localhost:57529}, networkConnectionEnabled: false, pageLoadStrategy: normal, platformName: windows, proxy: Proxy(), se:cdp: ws://localhost:57529/devtoo..., se:cdpVersion: 126.0.6478.114, setWindowRect: true, strictFileInteractability: false, timeouts: {implicit: 0, pageLoad: 300000, script: 30000}, unhandledPromptBehavior: dismiss and notify, webauthn:extension:credBlob: true, webauthn:extension:largeBlob: true, webauthn:extension:minPinLength: true, webauthn:extension:prf: true, webauthn:virtualAuthenticators: true}
Session ID: 51926c429f737383bd147c6c87343b8f
18:41:09.411 [Test worker] INFO  com.phonebook.utils.MyListener -- Something went wrong!!!
18:41:09.411 [Test worker] INFO  com.phonebook.utils.MyListener -- ****************************************************************
18:41:09.412 [Test worker] INFO  com.phonebook.utils.MyListener -- Method -&gt; alert
18:41:09.412 [Test worker] INFO  com.phonebook.utils.MyListener -- ****************************************************************
18:41:09.412 [Test worker] INFO  com.phonebook.utils.MyListener -- Object target org.openqa.selenium.remote.RemoteWebDriver$RemoteTargetLocator@4ee25d80
18:41:09.413 [Test worker] INFO  com.phonebook.utils.MyListener -- ****************************************************************
18:41:09.414 [Test worker] INFO  com.phonebook.utils.MyListener -- Target exception org.openqa.selenium.NoAlertPresentException: no such alert
  (Session info: chrome=126.0.6478.114)
Build info: version: '4.21.0', revision: '79ed462ef4'
System info: os.name: 'Windows 11', os.arch: 'amd64', os.version: '10.0', java.version: '11.0.22'
Driver info: org.openqa.selenium.chrome.ChromeDriver
Command: [51926c429f737383bd147c6c87343b8f, getAlertText {}]
Capabilities {acceptInsecureCerts: false, browserName: chrome, browserVersion: 126.0.6478.114, chrome: {chromedriverVersion: 126.0.6478.55 (7616ff175414..., userDataDir: C:\Users\Tanya\AppData\Loca...}, fedcm:accounts: true, goog:chromeOptions: {debuggerAddress: localhost:57529}, networkConnectionEnabled: false, pageLoadStrategy: normal, platformName: windows, proxy: Proxy(), se:cdp: ws://localhost:57529/devtoo..., se:cdpVersion: 126.0.6478.114, setWindowRect: true, strictFileInteractability: false, timeouts: {implicit: 0, pageLoad: 300000, script: 30000}, unhandledPromptBehavior: dismiss and notify, webauthn:extension:credBlob: true, webauthn:extension:largeBlob: true, webauthn:extension:minPinLength: true, webauthn:extension:prf: true, webauthn:virtualAuthenticators: true}
Session ID: 51926c429f737383bd147c6c87343b8f
18:41:09.944 [Test worker] INFO  com.phonebook.utils.MyListener -- Something went wrong!!!
18:41:09.945 [Test worker] INFO  com.phonebook.utils.MyListener -- ****************************************************************
18:41:09.946 [Test worker] INFO  com.phonebook.utils.MyListener -- Method -&gt; alert
18:41:09.946 [Test worker] INFO  com.phonebook.utils.MyListener -- ****************************************************************
18:41:09.946 [Test worker] INFO  com.phonebook.utils.MyListener -- Object target org.openqa.selenium.remote.RemoteWebDriver$RemoteTargetLocator@633cc6b5
18:41:09.947 [Test worker] INFO  com.phonebook.utils.MyListener -- ****************************************************************
18:41:09.949 [Test worker] INFO  com.phonebook.utils.MyListener -- Target exception org.openqa.selenium.NoAlertPresentException: no such alert
  (Session info: chrome=126.0.6478.114)
Build info: version: '4.21.0', revision: '79ed462ef4'
System info: os.name: 'Windows 11', os.arch: 'amd64', os.version: '10.0', java.version: '11.0.22'
Driver info: org.openqa.selenium.chrome.ChromeDriver
Command: [51926c429f737383bd147c6c87343b8f, getAlertText {}]
Capabilities {acceptInsecureCerts: false, browserName: chrome, browserVersion: 126.0.6478.114, chrome: {chromedriverVersion: 126.0.6478.55 (7616ff175414..., userDataDir: C:\Users\Tanya\AppData\Loca...}, fedcm:accounts: true, goog:chromeOptions: {debuggerAddress: localhost:57529}, networkConnectionEnabled: false, pageLoadStrategy: normal, platformName: windows, proxy: Proxy(), se:cdp: ws://localhost:57529/devtoo..., se:cdpVersion: 126.0.6478.114, setWindowRect: true, strictFileInteractability: false, timeouts: {implicit: 0, pageLoad: 300000, script: 30000}, unhandledPromptBehavior: dismiss and notify, webauthn:extension:credBlob: true, webauthn:extension:largeBlob: true, webauthn:extension:minPinLength: true, webauthn:extension:prf: true, webauthn:virtualAuthenticators: true}
Session ID: 51926c429f737383bd147c6c87343b8f
18:41:10.477 [Test worker] INFO  com.phonebook.utils.MyListener -- Something went wrong!!!
18:41:10.478 [Test worker] INFO  com.phonebook.utils.MyListener -- ****************************************************************
18:41:10.480 [Test worker] INFO  com.phonebook.utils.MyListener -- Method -&gt; alert
18:41:10.481 [Test worker] INFO  com.phonebook.utils.MyListener -- ****************************************************************
18:41:10.481 [Test worker] INFO  com.phonebook.utils.MyListener -- Object target org.openqa.selenium.remote.RemoteWebDriver$RemoteTargetLocator@5ceecfee
18:41:10.482 [Test worker] INFO  com.phonebook.utils.MyListener -- ****************************************************************
18:41:10.482 [Test worker] INFO  com.phonebook.utils.MyListener -- Target exception org.openqa.selenium.NoAlertPresentException: no such alert
  (Session info: chrome=126.0.6478.114)
Build info: version: '4.21.0', revision: '79ed462ef4'
System info: os.name: 'Windows 11', os.arch: 'amd64', os.version: '10.0', java.version: '11.0.22'
Driver info: org.openqa.selenium.chrome.ChromeDriver
Command: [51926c429f737383bd147c6c87343b8f, getAlertText {}]
Capabilities {acceptInsecureCerts: false, browserName: chrome, browserVersion: 126.0.6478.114, chrome: {chromedriverVersion: 126.0.6478.55 (7616ff175414..., userDataDir: C:\Users\Tanya\AppData\Loca...}, fedcm:accounts: true, goog:chromeOptions: {debuggerAddress: localhost:57529}, networkConnectionEnabled: false, pageLoadStrategy: normal, platformName: windows, proxy: Proxy(), se:cdp: ws://localhost:57529/devtoo..., se:cdpVersion: 126.0.6478.114, setWindowRect: true, strictFileInteractability: false, timeouts: {implicit: 0, pageLoad: 300000, script: 30000}, unhandledPromptBehavior: dismiss and notify, webauthn:extension:credBlob: true, webauthn:extension:largeBlob: true, webauthn:extension:minPinLength: true, webauthn:extension:prf: true, webauthn:virtualAuthenticators: true}
Session ID: 51926c429f737383bd147c6c87343b8f
18:41:11.042 [Test worker] INFO  com.phonebook.utils.MyListener -- Something went wrong!!!
18:41:11.043 [Test worker] INFO  com.phonebook.utils.MyListener -- ****************************************************************
18:41:11.043 [Test worker] INFO  com.phonebook.utils.MyListener -- Method -&gt; alert
18:41:11.043 [Test worker] INFO  com.phonebook.utils.MyListener -- ****************************************************************
18:41:11.043 [Test worker] INFO  com.phonebook.utils.MyListener -- Object target org.openqa.selenium.remote.RemoteWebDriver$RemoteTargetLocator@54755dd9
18:41:11.043 [Test worker] INFO  com.phonebook.utils.MyListener -- ****************************************************************
18:41:11.044 [Test worker] INFO  com.phonebook.utils.MyListener -- Target exception org.openqa.selenium.NoAlertPresentException: no such alert
  (Session info: chrome=126.0.6478.114)
Build info: version: '4.21.0', revision: '79ed462ef4'
System info: os.name: 'Windows 11', os.arch: 'amd64', os.version: '10.0', java.version: '11.0.22'
Driver info: org.openqa.selenium.chrome.ChromeDriver
Command: [51926c429f737383bd147c6c87343b8f, getAlertText {}]
Capabilities {acceptInsecureCerts: false, browserName: chrome, browserVersion: 126.0.6478.114, chrome: {chromedriverVersion: 126.0.6478.55 (7616ff175414..., userDataDir: C:\Users\Tanya\AppData\Loca...}, fedcm:accounts: true, goog:chromeOptions: {debuggerAddress: localhost:57529}, networkConnectionEnabled: false, pageLoadStrategy: normal, platformName: windows, proxy: Proxy(), se:cdp: ws://localhost:57529/devtoo..., se:cdpVersion: 126.0.6478.114, setWindowRect: true, strictFileInteractability: false, timeouts: {implicit: 0, pageLoad: 300000, script: 30000}, unhandledPromptBehavior: dismiss and notify, webauthn:extension:credBlob: true, webauthn:extension:largeBlob: true, webauthn:extension:minPinLength: true, webauthn:extension:prf: true, webauthn:virtualAuthenticators: true}
Session ID: 51926c429f737383bd147c6c87343b8f
18:41:11.608 [Test worker] INFO  com.phonebook.utils.MyListener -- Something went wrong!!!
18:41:11.613 [Test worker] INFO  com.phonebook.utils.MyListener -- ****************************************************************
18:41:11.613 [Test worker] INFO  com.phonebook.utils.MyListener -- Method -&gt; alert
18:41:11.614 [Test worker] INFO  com.phonebook.utils.MyListener -- ****************************************************************
18:41:11.614 [Test worker] INFO  com.phonebook.utils.MyListener -- Object target org.openqa.selenium.remote.RemoteWebDriver$RemoteTargetLocator@765d55d5
18:41:11.615 [Test worker] INFO  com.phonebook.utils.MyListener -- ****************************************************************
18:41:11.615 [Test worker] INFO  com.phonebook.utils.MyListener -- Target exception org.openqa.selenium.NoAlertPresentException: no such alert
  (Session info: chrome=126.0.6478.114)
Build info: version: '4.21.0', revision: '79ed462ef4'
System info: os.name: 'Windows 11', os.arch: 'amd64', os.version: '10.0', java.version: '11.0.22'
Driver info: org.openqa.selenium.chrome.ChromeDriver
Command: [51926c429f737383bd147c6c87343b8f, getAlertText {}]
Capabilities {acceptInsecureCerts: false, browserName: chrome, browserVersion: 126.0.6478.114, chrome: {chromedriverVersion: 126.0.6478.55 (7616ff175414..., userDataDir: C:\Users\Tanya\AppData\Loca...}, fedcm:accounts: true, goog:chromeOptions: {debuggerAddress: localhost:57529}, networkConnectionEnabled: false, pageLoadStrategy: normal, platformName: windows, proxy: Proxy(), se:cdp: ws://localhost:57529/devtoo..., se:cdpVersion: 126.0.6478.114, setWindowRect: true, strictFileInteractability: false, timeouts: {implicit: 0, pageLoad: 300000, script: 30000}, unhandledPromptBehavior: dismiss and notify, webauthn:extension:credBlob: true, webauthn:extension:largeBlob: true, webauthn:extension:minPinLength: true, webauthn:extension:prf: true, webauthn:virtualAuthenticators: true}
Session ID: 51926c429f737383bd147c6c87343b8f
18:41:12.151 [Test worker] INFO  com.phonebook.utils.MyListener -- Something went wrong!!!
18:41:12.152 [Test worker] INFO  com.phonebook.utils.MyListener -- ****************************************************************
18:41:12.153 [Test worker] INFO  com.phonebook.utils.MyListener -- Method -&gt; alert
18:41:12.153 [Test worker] INFO  com.phonebook.utils.MyListener -- ****************************************************************
18:41:12.153 [Test worker] INFO  com.phonebook.utils.MyListener -- Object target org.openqa.selenium.remote.RemoteWebDriver$RemoteTargetLocator@7dffda8b
18:41:12.154 [Test worker] INFO  com.phonebook.utils.MyListener -- ****************************************************************
18:41:12.154 [Test worker] INFO  com.phonebook.utils.MyListener -- Target exception org.openqa.selenium.NoAlertPresentException: no such alert
  (Session info: chrome=126.0.6478.114)
Build info: version: '4.21.0', revision: '79ed462ef4'
System info: os.name: 'Windows 11', os.arch: 'amd64', os.version: '10.0', java.version: '11.0.22'
Driver info: org.openqa.selenium.chrome.ChromeDriver
Command: [51926c429f737383bd147c6c87343b8f, getAlertText {}]
Capabilities {acceptInsecureCerts: false, browserName: chrome, browserVersion: 126.0.6478.114, chrome: {chromedriverVersion: 126.0.6478.55 (7616ff175414..., userDataDir: C:\Users\Tanya\AppData\Loca...}, fedcm:accounts: true, goog:chromeOptions: {debuggerAddress: localhost:57529}, networkConnectionEnabled: false, pageLoadStrategy: normal, platformName: windows, proxy: Proxy(), se:cdp: ws://localhost:57529/devtoo..., se:cdpVersion: 126.0.6478.114, setWindowRect: true, strictFileInteractability: false, timeouts: {implicit: 0, pageLoad: 300000, script: 30000}, unhandledPromptBehavior: dismiss and notify, webauthn:extension:credBlob: true, webauthn:extension:largeBlob: true, webauthn:extension:minPinLength: true, webauthn:extension:prf: true, webauthn:virtualAuthenticators: true}
Session ID: 51926c429f737383bd147c6c87343b8f
18:41:12.679 [Test worker] INFO  com.phonebook.utils.MyListener -- Something went wrong!!!
18:41:12.680 [Test worker] INFO  com.phonebook.utils.MyListener -- ****************************************************************
18:41:12.685 [Test worker] INFO  com.phonebook.utils.MyListener -- Method -&gt; alert
18:41:12.685 [Test worker] INFO  com.phonebook.utils.MyListener -- ****************************************************************
18:41:12.685 [Test worker] INFO  com.phonebook.utils.MyListener -- Object target org.openqa.selenium.remote.RemoteWebDriver$RemoteTargetLocator@6ca8fcf3
18:41:12.685 [Test worker] INFO  com.phonebook.utils.MyListener -- ****************************************************************
18:41:12.685 [Test worker] INFO  com.phonebook.utils.MyListener -- Target exception org.openqa.selenium.NoAlertPresentException: no such alert
  (Session info: chrome=126.0.6478.114)
Build info: version: '4.21.0', revision: '79ed462ef4'
System info: os.name: 'Windows 11', os.arch: 'amd64', os.version: '10.0', java.version: '11.0.22'
Driver info: org.openqa.selenium.chrome.ChromeDriver
Command: [51926c429f737383bd147c6c87343b8f, getAlertText {}]
Capabilities {acceptInsecureCerts: false, browserName: chrome, browserVersion: 126.0.6478.114, chrome: {chromedriverVersion: 126.0.6478.55 (7616ff175414..., userDataDir: C:\Users\Tanya\AppData\Loca...}, fedcm:accounts: true, goog:chromeOptions: {debuggerAddress: localhost:57529}, networkConnectionEnabled: false, pageLoadStrategy: normal, platformName: windows, proxy: Proxy(), se:cdp: ws://localhost:57529/devtoo..., se:cdpVersion: 126.0.6478.114, setWindowRect: true, strictFileInteractability: false, timeouts: {implicit: 0, pageLoad: 300000, script: 30000}, unhandledPromptBehavior: dismiss and notify, webauthn:extension:credBlob: true, webauthn:extension:largeBlob: true, webauthn:extension:minPinLength: true, webauthn:extension:prf: true, webauthn:virtualAuthenticators: true}
Session ID: 51926c429f737383bd147c6c87343b8f
18:41:13.217 [Test worker] INFO  com.phonebook.utils.MyListener -- Something went wrong!!!
18:41:13.218 [Test worker] INFO  com.phonebook.utils.MyListener -- ****************************************************************
18:41:13.219 [Test worker] INFO  com.phonebook.utils.MyListener -- Method -&gt; alert
18:41:13.219 [Test worker] INFO  com.phonebook.utils.MyListener -- ****************************************************************
18:41:13.219 [Test worker] INFO  com.phonebook.utils.MyListener -- Object target org.openqa.selenium.remote.RemoteWebDriver$RemoteTargetLocator@4f327096
18:41:13.220 [Test worker] INFO  com.phonebook.utils.MyListener -- ****************************************************************
18:41:13.220 [Test worker] INFO  com.phonebook.utils.MyListener -- Target exception org.openqa.selenium.NoAlertPresentException: no such alert
  (Session info: chrome=126.0.6478.114)
Build info: version: '4.21.0', revision: '79ed462ef4'
System info: os.name: 'Windows 11', os.arch: 'amd64', os.version: '10.0', java.version: '11.0.22'
Driver info: org.openqa.selenium.chrome.ChromeDriver
Command: [51926c429f737383bd147c6c87343b8f, getAlertText {}]
Capabilities {acceptInsecureCerts: false, browserName: chrome, browserVersion: 126.0.6478.114, chrome: {chromedriverVersion: 126.0.6478.55 (7616ff175414..., userDataDir: C:\Users\Tanya\AppData\Loca...}, fedcm:accounts: true, goog:chromeOptions: {debuggerAddress: localhost:57529}, networkConnectionEnabled: false, pageLoadStrategy: normal, platformName: windows, proxy: Proxy(), se:cdp: ws://localhost:57529/devtoo..., se:cdpVersion: 126.0.6478.114, setWindowRect: true, strictFileInteractability: false, timeouts: {implicit: 0, pageLoad: 300000, script: 30000}, unhandledPromptBehavior: dismiss and notify, webauthn:extension:credBlob: true, webauthn:extension:largeBlob: true, webauthn:extension:minPinLength: true, webauthn:extension:prf: true, webauthn:virtualAuthenticators: true}
Session ID: 51926c429f737383bd147c6c87343b8f
18:41:13.741 [Test worker] INFO  com.phonebook.utils.MyListener -- Something went wrong!!!
18:41:13.741 [Test worker] INFO  com.phonebook.utils.MyListener -- ****************************************************************
18:41:13.741 [Test worker] INFO  com.phonebook.utils.MyListener -- Method -&gt; alert
18:41:13.742 [Test worker] INFO  com.phonebook.utils.MyListener -- ****************************************************************
18:41:13.742 [Test worker] INFO  com.phonebook.utils.MyListener -- Object target org.openqa.selenium.remote.RemoteWebDriver$RemoteTargetLocator@41a374be
18:41:13.742 [Test worker] INFO  com.phonebook.utils.MyListener -- ****************************************************************
18:41:13.742 [Test worker] INFO  com.phonebook.utils.MyListener -- Target exception org.openqa.selenium.NoAlertPresentException: no such alert
  (Session info: chrome=126.0.6478.114)
Build info: version: '4.21.0', revision: '79ed462ef4'
System info: os.name: 'Windows 11', os.arch: 'amd64', os.version: '10.0', java.version: '11.0.22'
Driver info: org.openqa.selenium.chrome.ChromeDriver
Command: [51926c429f737383bd147c6c87343b8f, getAlertText {}]
Capabilities {acceptInsecureCerts: false, browserName: chrome, browserVersion: 126.0.6478.114, chrome: {chromedriverVersion: 126.0.6478.55 (7616ff175414..., userDataDir: C:\Users\Tanya\AppData\Loca...}, fedcm:accounts: true, goog:chromeOptions: {debuggerAddress: localhost:57529}, networkConnectionEnabled: false, pageLoadStrategy: normal, platformName: windows, proxy: Proxy(), se:cdp: ws://localhost:57529/devtoo..., se:cdpVersion: 126.0.6478.114, setWindowRect: true, strictFileInteractability: false, timeouts: {implicit: 0, pageLoad: 300000, script: 30000}, unhandledPromptBehavior: dismiss and notify, webauthn:extension:credBlob: true, webauthn:extension:largeBlob: true, webauthn:extension:minPinLength: true, webauthn:extension:prf: true, webauthn:virtualAuthenticators: true}
Session ID: 51926c429f737383bd147c6c87343b8f
18:41:14.267 [Test worker] INFO  com.phonebook.utils.MyListener -- Something went wrong!!!
18:41:14.268 [Test worker] INFO  com.phonebook.utils.MyListener -- ****************************************************************
18:41:14.269 [Test worker] INFO  com.phonebook.utils.MyListener -- Method -&gt; alert
18:41:14.269 [Test worker] INFO  com.phonebook.utils.MyListener -- ****************************************************************
18:41:14.269 [Test worker] INFO  com.phonebook.utils.MyListener -- Object target org.openqa.selenium.remote.RemoteWebDriver$RemoteTargetLocator@1fc713c9
18:41:14.269 [Test worker] INFO  com.phonebook.utils.MyListener -- ****************************************************************
18:41:14.269 [Test worker] INFO  com.phonebook.utils.MyListener -- Target exception org.openqa.selenium.NoAlertPresentException: no such alert
  (Session info: chrome=126.0.6478.114)
Build info: version: '4.21.0', revision: '79ed462ef4'
System info: os.name: 'Windows 11', os.arch: 'amd64', os.version: '10.0', java.version: '11.0.22'
Driver info: org.openqa.selenium.chrome.ChromeDriver
Command: [51926c429f737383bd147c6c87343b8f, getAlertText {}]
Capabilities {acceptInsecureCerts: false, browserName: chrome, browserVersion: 126.0.6478.114, chrome: {chromedriverVersion: 126.0.6478.55 (7616ff175414..., userDataDir: C:\Users\Tanya\AppData\Loca...}, fedcm:accounts: true, goog:chromeOptions: {debuggerAddress: localhost:57529}, networkConnectionEnabled: false, pageLoadStrategy: normal, platformName: windows, proxy: Proxy(), se:cdp: ws://localhost:57529/devtoo..., se:cdpVersion: 126.0.6478.114, setWindowRect: true, strictFileInteractability: false, timeouts: {implicit: 0, pageLoad: 300000, script: 30000}, unhandledPromptBehavior: dismiss and notify, webauthn:extension:credBlob: true, webauthn:extension:largeBlob: true, webauthn:extension:minPinLength: true, webauthn:extension:prf: true, webauthn:virtualAuthenticators: true}
Session ID: 51926c429f737383bd147c6c87343b8f
18:41:14.796 [Test worker] INFO  com.phonebook.utils.MyListener -- Something went wrong!!!
18:41:14.796 [Test worker] INFO  com.phonebook.utils.MyListener -- ****************************************************************
18:41:14.797 [Test worker] INFO  com.phonebook.utils.MyListener -- Method -&gt; alert
18:41:14.797 [Test worker] INFO  com.phonebook.utils.MyListener -- ****************************************************************
18:41:14.797 [Test worker] INFO  com.phonebook.utils.MyListener -- Object target org.openqa.selenium.remote.RemoteWebDriver$RemoteTargetLocator@161aa04a
18:41:14.797 [Test worker] INFO  com.phonebook.utils.MyListener -- ****************************************************************
18:41:14.798 [Test worker] INFO  com.phonebook.utils.MyListener -- Target exception org.openqa.selenium.NoAlertPresentException: no such alert
  (Session info: chrome=126.0.6478.114)
Build info: version: '4.21.0', revision: '79ed462ef4'
System info: os.name: 'Windows 11', os.arch: 'amd64', os.version: '10.0', java.version: '11.0.22'
Driver info: org.openqa.selenium.chrome.ChromeDriver
Command: [51926c429f737383bd147c6c87343b8f, getAlertText {}]
Capabilities {acceptInsecureCerts: false, browserName: chrome, browserVersion: 126.0.6478.114, chrome: {chromedriverVersion: 126.0.6478.55 (7616ff175414..., userDataDir: C:\Users\Tanya\AppData\Loca...}, fedcm:accounts: true, goog:chromeOptions: {debuggerAddress: localhost:57529}, networkConnectionEnabled: false, pageLoadStrategy: normal, platformName: windows, proxy: Proxy(), se:cdp: ws://localhost:57529/devtoo..., se:cdpVersion: 126.0.6478.114, setWindowRect: true, strictFileInteractability: false, timeouts: {implicit: 0, pageLoad: 300000, script: 30000}, unhandledPromptBehavior: dismiss and notify, webauthn:extension:credBlob: true, webauthn:extension:largeBlob: true, webauthn:extension:minPinLength: true, webauthn:extension:prf: true, webauthn:virtualAuthenticators: true}
Session ID: 51926c429f737383bd147c6c87343b8f
18:41:15.315 [Test worker] INFO  com.phonebook.utils.MyListener -- Something went wrong!!!
18:41:15.316 [Test worker] INFO  com.phonebook.utils.MyListener -- ****************************************************************
18:41:15.317 [Test worker] INFO  com.phonebook.utils.MyListener -- Method -&gt; alert
18:41:15.317 [Test worker] INFO  com.phonebook.utils.MyListener -- ****************************************************************
18:41:15.320 [Test worker] INFO  com.phonebook.utils.MyListener -- Object target org.openqa.selenium.remote.RemoteWebDriver$RemoteTargetLocator@4a901445
18:41:15.320 [Test worker] INFO  com.phonebook.utils.MyListener -- ****************************************************************
18:41:15.320 [Test worker] INFO  com.phonebook.utils.MyListener -- Target exception org.openqa.selenium.NoAlertPresentException: no such alert
  (Session info: chrome=126.0.6478.114)
Build info: version: '4.21.0', revision: '79ed462ef4'
System info: os.name: 'Windows 11', os.arch: 'amd64', os.version: '10.0', java.version: '11.0.22'
Driver info: org.openqa.selenium.chrome.ChromeDriver
Command: [51926c429f737383bd147c6c87343b8f, getAlertText {}]
Capabilities {acceptInsecureCerts: false, browserName: chrome, browserVersion: 126.0.6478.114, chrome: {chromedriverVersion: 126.0.6478.55 (7616ff175414..., userDataDir: C:\Users\Tanya\AppData\Loca...}, fedcm:accounts: true, goog:chromeOptions: {debuggerAddress: localhost:57529}, networkConnectionEnabled: false, pageLoadStrategy: normal, platformName: windows, proxy: Proxy(), se:cdp: ws://localhost:57529/devtoo..., se:cdpVersion: 126.0.6478.114, setWindowRect: true, strictFileInteractability: false, timeouts: {implicit: 0, pageLoad: 300000, script: 30000}, unhandledPromptBehavior: dismiss and notify, webauthn:extension:credBlob: true, webauthn:extension:largeBlob: true, webauthn:extension:minPinLength: true, webauthn:extension:prf: true, webauthn:virtualAuthenticators: true}
Session ID: 51926c429f737383bd147c6c87343b8f
18:41:15.847 [Test worker] INFO  com.phonebook.utils.MyListener -- Something went wrong!!!
18:41:15.847 [Test worker] INFO  com.phonebook.utils.MyListener -- ****************************************************************
18:41:15.847 [Test worker] INFO  com.phonebook.utils.MyListener -- Method -&gt; alert
18:41:15.847 [Test worker] INFO  com.phonebook.utils.MyListener -- ****************************************************************
18:41:15.847 [Test worker] INFO  com.phonebook.utils.MyListener -- Object target org.openqa.selenium.remote.RemoteWebDriver$RemoteTargetLocator@6dc9da2d
18:41:15.847 [Test worker] INFO  com.phonebook.utils.MyListener -- ****************************************************************
18:41:15.848 [Test worker] INFO  com.phonebook.utils.MyListener -- Target exception org.openqa.selenium.NoAlertPresentException: no such alert
  (Session info: chrome=126.0.6478.114)
Build info: version: '4.21.0', revision: '79ed462ef4'
System info: os.name: 'Windows 11', os.arch: 'amd64', os.version: '10.0', java.version: '11.0.22'
Driver info: org.openqa.selenium.chrome.ChromeDriver
Command: [51926c429f737383bd147c6c87343b8f, getAlertText {}]
Capabilities {acceptInsecureCerts: false, browserName: chrome, browserVersion: 126.0.6478.114, chrome: {chromedriverVersion: 126.0.6478.55 (7616ff175414..., userDataDir: C:\Users\Tanya\AppData\Loca...}, fedcm:accounts: true, goog:chromeOptions: {debuggerAddress: localhost:57529}, networkConnectionEnabled: false, pageLoadStrategy: normal, platformName: windows, proxy: Proxy(), se:cdp: ws://localhost:57529/devtoo..., se:cdpVersion: 126.0.6478.114, setWindowRect: true, strictFileInteractability: false, timeouts: {implicit: 0, pageLoad: 300000, script: 30000}, unhandledPromptBehavior: dismiss and notify, webauthn:extension:credBlob: true, webauthn:extension:largeBlob: true, webauthn:extension:minPinLength: true, webauthn:extension:prf: true, webauthn:virtualAuthenticators: true}
Session ID: 51926c429f737383bd147c6c87343b8f
18:41:16.376 [Test worker] INFO  com.phonebook.utils.MyListener -- Something went wrong!!!
18:41:16.376 [Test worker] INFO  com.phonebook.utils.MyListener -- ****************************************************************
18:41:16.377 [Test worker] INFO  com.phonebook.utils.MyListener -- Method -&gt; alert
18:41:16.378 [Test worker] INFO  com.phonebook.utils.MyListener -- ****************************************************************
18:41:16.379 [Test worker] INFO  com.phonebook.utils.MyListener -- Object target org.openqa.selenium.remote.RemoteWebDriver$RemoteTargetLocator@2ddb3ae8
18:41:16.380 [Test worker] INFO  com.phonebook.utils.MyListener -- ****************************************************************
18:41:16.380 [Test worker] INFO  com.phonebook.utils.MyListener -- Target exception org.openqa.selenium.NoAlertPresentException: no such alert
  (Session info: chrome=126.0.6478.114)
Build info: version: '4.21.0', revision: '79ed462ef4'
System info: os.name: 'Windows 11', os.arch: 'amd64', os.version: '10.0', java.version: '11.0.22'
Driver info: org.openqa.selenium.chrome.ChromeDriver
Command: [51926c429f737383bd147c6c87343b8f, getAlertText {}]
Capabilities {acceptInsecureCerts: false, browserName: chrome, browserVersion: 126.0.6478.114, chrome: {chromedriverVersion: 126.0.6478.55 (7616ff175414..., userDataDir: C:\Users\Tanya\AppData\Loca...}, fedcm:accounts: true, goog:chromeOptions: {debuggerAddress: localhost:57529}, networkConnectionEnabled: false, pageLoadStrategy: normal, platformName: windows, proxy: Proxy(), se:cdp: ws://localhost:57529/devtoo..., se:cdpVersion: 126.0.6478.114, setWindowRect: true, strictFileInteractability: false, timeouts: {implicit: 0, pageLoad: 300000, script: 30000}, unhandledPromptBehavior: dismiss and notify, webauthn:extension:credBlob: true, webauthn:extension:largeBlob: true, webauthn:extension:minPinLength: true, webauthn:extension:prf: true, webauthn:virtualAuthenticators: true}
Session ID: 51926c429f737383bd147c6c87343b8f
18:41:16.916 [Test worker] INFO  com.phonebook.utils.MyListener -- Something went wrong!!!
18:41:16.917 [Test worker] INFO  com.phonebook.utils.MyListener -- ****************************************************************
18:41:16.917 [Test worker] INFO  com.phonebook.utils.MyListener -- Method -&gt; alert
18:41:16.917 [Test worker] INFO  com.phonebook.utils.MyListener -- ****************************************************************
18:41:16.917 [Test worker] INFO  com.phonebook.utils.MyListener -- Object target org.openqa.selenium.remote.RemoteWebDriver$RemoteTargetLocator@6fbc1bb
18:41:16.918 [Test worker] INFO  com.phonebook.utils.MyListener -- ****************************************************************
18:41:16.918 [Test worker] INFO  com.phonebook.utils.MyListener -- Target exception org.openqa.selenium.NoAlertPresentException: no such alert
  (Session info: chrome=126.0.6478.114)
Build info: version: '4.21.0', revision: '79ed462ef4'
System info: os.name: 'Windows 11', os.arch: 'amd64', os.version: '10.0', java.version: '11.0.22'
Driver info: org.openqa.selenium.chrome.ChromeDriver
Command: [51926c429f737383bd147c6c87343b8f, getAlertText {}]
Capabilities {acceptInsecureCerts: false, browserName: chrome, browserVersion: 126.0.6478.114, chrome: {chromedriverVersion: 126.0.6478.55 (7616ff175414..., userDataDir: C:\Users\Tanya\AppData\Loca...}, fedcm:accounts: true, goog:chromeOptions: {debuggerAddress: localhost:57529}, networkConnectionEnabled: false, pageLoadStrategy: normal, platformName: windows, proxy: Proxy(), se:cdp: ws://localhost:57529/devtoo..., se:cdpVersion: 126.0.6478.114, setWindowRect: true, strictFileInteractability: false, timeouts: {implicit: 0, pageLoad: 300000, script: 30000}, unhandledPromptBehavior: dismiss and notify, webauthn:extension:credBlob: true, webauthn:extension:largeBlob: true, webauthn:extension:minPinLength: true, webauthn:extension:prf: true, webauthn:virtualAuthenticators: true}
Session ID: 51926c429f737383bd147c6c87343b8f
18:41:17.446 [Test worker] INFO  com.phonebook.utils.MyListener -- Something went wrong!!!
18:41:17.446 [Test worker] INFO  com.phonebook.utils.MyListener -- ****************************************************************
18:41:17.446 [Test worker] INFO  com.phonebook.utils.MyListener -- Method -&gt; alert
18:41:17.447 [Test worker] INFO  com.phonebook.utils.MyListener -- ****************************************************************
18:41:17.447 [Test worker] INFO  com.phonebook.utils.MyListener -- Object target org.openqa.selenium.remote.RemoteWebDriver$RemoteTargetLocator@48df4071
18:41:17.447 [Test worker] INFO  com.phonebook.utils.MyListener -- ****************************************************************
18:41:17.447 [Test worker] INFO  com.phonebook.utils.MyListener -- Target exception org.openqa.selenium.NoAlertPresentException: no such alert
  (Session info: chrome=126.0.6478.114)
Build info: version: '4.21.0', revision: '79ed462ef4'
System info: os.name: 'Windows 11', os.arch: 'amd64', os.version: '10.0', java.version: '11.0.22'
Driver info: org.openqa.selenium.chrome.ChromeDriver
Command: [51926c429f737383bd147c6c87343b8f, getAlertText {}]
Capabilities {acceptInsecureCerts: false, browserName: chrome, browserVersion: 126.0.6478.114, chrome: {chromedriverVersion: 126.0.6478.55 (7616ff175414..., userDataDir: C:\Users\Tanya\AppData\Loca...}, fedcm:accounts: true, goog:chromeOptions: {debuggerAddress: localhost:57529}, networkConnectionEnabled: false, pageLoadStrategy: normal, platformName: windows, proxy: Proxy(), se:cdp: ws://localhost:57529/devtoo..., se:cdpVersion: 126.0.6478.114, setWindowRect: true, strictFileInteractability: false, timeouts: {implicit: 0, pageLoad: 300000, script: 30000}, unhandledPromptBehavior: dismiss and notify, webauthn:extension:credBlob: true, webauthn:extension:largeBlob: true, webauthn:extension:minPinLength: true, webauthn:extension:prf: true, webauthn:virtualAuthenticators: true}
Session ID: 51926c429f737383bd147c6c87343b8f
18:41:17.974 [Test worker] INFO  com.phonebook.utils.MyListener -- Something went wrong!!!
18:41:17.974 [Test worker] INFO  com.phonebook.utils.MyListener -- ****************************************************************
18:41:17.974 [Test worker] INFO  com.phonebook.utils.MyListener -- Method -&gt; alert
18:41:17.974 [Test worker] INFO  com.phonebook.utils.MyListener -- ****************************************************************
18:41:17.974 [Test worker] INFO  com.phonebook.utils.MyListener -- Object target org.openqa.selenium.remote.RemoteWebDriver$RemoteTargetLocator@692dba54
18:41:17.974 [Test worker] INFO  com.phonebook.utils.MyListener -- ****************************************************************
18:41:17.975 [Test worker] INFO  com.phonebook.utils.MyListener -- Target exception org.openqa.selenium.NoAlertPresentException: no such alert
  (Session info: chrome=126.0.6478.114)
Build info: version: '4.21.0', revision: '79ed462ef4'
System info: os.name: 'Windows 11', os.arch: 'amd64', os.version: '10.0', java.version: '11.0.22'
Driver info: org.openqa.selenium.chrome.ChromeDriver
Command: [51926c429f737383bd147c6c87343b8f, getAlertText {}]
Capabilities {acceptInsecureCerts: false, browserName: chrome, browserVersion: 126.0.6478.114, chrome: {chromedriverVersion: 126.0.6478.55 (7616ff175414..., userDataDir: C:\Users\Tanya\AppData\Loca...}, fedcm:accounts: true, goog:chromeOptions: {debuggerAddress: localhost:57529}, networkConnectionEnabled: false, pageLoadStrategy: normal, platformName: windows, proxy: Proxy(), se:cdp: ws://localhost:57529/devtoo..., se:cdpVersion: 126.0.6478.114, setWindowRect: true, strictFileInteractability: false, timeouts: {implicit: 0, pageLoad: 300000, script: 30000}, unhandledPromptBehavior: dismiss and notify, webauthn:extension:credBlob: true, webauthn:extension:largeBlob: true, webauthn:extension:minPinLength: true, webauthn:extension:prf: true, webauthn:virtualAuthenticators: true}
Session ID: 51926c429f737383bd147c6c87343b8f
18:41:18.507 [Test worker] INFO  com.phonebook.utils.MyListener -- Something went wrong!!!
18:41:18.508 [Test worker] INFO  com.phonebook.utils.MyListener -- ****************************************************************
18:41:18.509 [Test worker] INFO  com.phonebook.utils.MyListener -- Method -&gt; alert
18:41:18.510 [Test worker] INFO  com.phonebook.utils.MyListener -- ****************************************************************
18:41:18.511 [Test worker] INFO  com.phonebook.utils.MyListener -- Object target org.openqa.selenium.remote.RemoteWebDriver$RemoteTargetLocator@48eb001a
18:41:18.511 [Test worker] INFO  com.phonebook.utils.MyListener -- ****************************************************************
18:41:18.511 [Test worker] INFO  com.phonebook.utils.MyListener -- Target exception org.openqa.selenium.NoAlertPresentException: no such alert
  (Session info: chrome=126.0.6478.114)
Build info: version: '4.21.0', revision: '79ed462ef4'
System info: os.name: 'Windows 11', os.arch: 'amd64', os.version: '10.0', java.version: '11.0.22'
Driver info: org.openqa.selenium.chrome.ChromeDriver
Command: [51926c429f737383bd147c6c87343b8f, getAlertText {}]
Capabilities {acceptInsecureCerts: false, browserName: chrome, browserVersion: 126.0.6478.114, chrome: {chromedriverVersion: 126.0.6478.55 (7616ff175414..., userDataDir: C:\Users\Tanya\AppData\Loca...}, fedcm:accounts: true, goog:chromeOptions: {debuggerAddress: localhost:57529}, networkConnectionEnabled: false, pageLoadStrategy: normal, platformName: windows, proxy: Proxy(), se:cdp: ws://localhost:57529/devtoo..., se:cdpVersion: 126.0.6478.114, setWindowRect: true, strictFileInteractability: false, timeouts: {implicit: 0, pageLoad: 300000, script: 30000}, unhandledPromptBehavior: dismiss and notify, webauthn:extension:credBlob: true, webauthn:extension:largeBlob: true, webauthn:extension:minPinLength: true, webauthn:extension:prf: true, webauthn:virtualAuthenticators: true}
Session ID: 51926c429f737383bd147c6c87343b8f
18:41:19.046 [Test worker] INFO  com.phonebook.utils.MyListener -- Something went wrong!!!
18:41:19.047 [Test worker] INFO  com.phonebook.utils.MyListener -- ****************************************************************
18:41:19.047 [Test worker] INFO  com.phonebook.utils.MyListener -- Method -&gt; alert
18:41:19.047 [Test worker] INFO  com.phonebook.utils.MyListener -- ****************************************************************
18:41:19.047 [Test worker] INFO  com.phonebook.utils.MyListener -- Object target org.openqa.selenium.remote.RemoteWebDriver$RemoteTargetLocator@52b3bf03
18:41:19.047 [Test worker] INFO  com.phonebook.utils.MyListener -- ****************************************************************
18:41:19.048 [Test worker] INFO  com.phonebook.utils.MyListener -- Target exception org.openqa.selenium.NoAlertPresentException: no such alert
  (Session info: chrome=126.0.6478.114)
Build info: version: '4.21.0', revision: '79ed462ef4'
System info: os.name: 'Windows 11', os.arch: 'amd64', os.version: '10.0', java.version: '11.0.22'
Driver info: org.openqa.selenium.chrome.ChromeDriver
Command: [51926c429f737383bd147c6c87343b8f, getAlertText {}]
Capabilities {acceptInsecureCerts: false, browserName: chrome, browserVersion: 126.0.6478.114, chrome: {chromedriverVersion: 126.0.6478.55 (7616ff175414..., userDataDir: C:\Users\Tanya\AppData\Loca...}, fedcm:accounts: true, goog:chromeOptions: {debuggerAddress: localhost:57529}, networkConnectionEnabled: false, pageLoadStrategy: normal, platformName: windows, proxy: Proxy(), se:cdp: ws://localhost:57529/devtoo..., se:cdpVersion: 126.0.6478.114, setWindowRect: true, strictFileInteractability: false, timeouts: {implicit: 0, pageLoad: 300000, script: 30000}, unhandledPromptBehavior: dismiss and notify, webauthn:extension:credBlob: true, webauthn:extension:largeBlob: true, webauthn:extension:minPinLength: true, webauthn:extension:prf: true, webauthn:virtualAuthenticators: true}
Session ID: 51926c429f737383bd147c6c87343b8f
18:41:19.570 [Test worker] INFO  com.phonebook.utils.MyListener -- Something went wrong!!!
18:41:19.570 [Test worker] INFO  com.phonebook.utils.MyListener -- ****************************************************************
18:41:19.571 [Test worker] INFO  com.phonebook.utils.MyListener -- Method -&gt; alert
18:41:19.571 [Test worker] INFO  com.phonebook.utils.MyListener -- ****************************************************************
18:41:19.572 [Test worker] INFO  com.phonebook.utils.MyListener -- Object target org.openqa.selenium.remote.RemoteWebDriver$RemoteTargetLocator@5626d18c
18:41:19.572 [Test worker] INFO  com.phonebook.utils.MyListener -- ****************************************************************
18:41:19.572 [Test worker] INFO  com.phonebook.utils.MyListener -- Target exception org.openqa.selenium.NoAlertPresentException: no such alert
  (Session info: chrome=126.0.6478.114)
Build info: version: '4.21.0', revision: '79ed462ef4'
System info: os.name: 'Windows 11', os.arch: 'amd64', os.version: '10.0', java.version: '11.0.22'
Driver info: org.openqa.selenium.chrome.ChromeDriver
Command: [51926c429f737383bd147c6c87343b8f, getAlertText {}]
Capabilities {acceptInsecureCerts: false, browserName: chrome, browserVersion: 126.0.6478.114, chrome: {chromedriverVersion: 126.0.6478.55 (7616ff175414..., userDataDir: C:\Users\Tanya\AppData\Loca...}, fedcm:accounts: true, goog:chromeOptions: {debuggerAddress: localhost:57529}, networkConnectionEnabled: false, pageLoadStrategy: normal, platformName: windows, proxy: Proxy(), se:cdp: ws://localhost:57529/devtoo..., se:cdpVersion: 126.0.6478.114, setWindowRect: true, strictFileInteractability: false, timeouts: {implicit: 0, pageLoad: 300000, script: 30000}, unhandledPromptBehavior: dismiss and notify, webauthn:extension:credBlob: true, webauthn:extension:largeBlob: true, webauthn:extension:minPinLength: true, webauthn:extension:prf: true, webauthn:virtualAuthenticators: true}
Session ID: 51926c429f737383bd147c6c87343b8f
18:41:20.097 [Test worker] INFO  com.phonebook.utils.MyListener -- Something went wrong!!!
18:41:20.097 [Test worker] INFO  com.phonebook.utils.MyListener -- ****************************************************************
18:41:20.099 [Test worker] INFO  com.phonebook.utils.MyListener -- Method -&gt; alert
18:41:20.099 [Test worker] INFO  com.phonebook.utils.MyListener -- ****************************************************************
18:41:20.099 [Test worker] INFO  com.phonebook.utils.MyListener -- Object target org.openqa.selenium.remote.RemoteWebDriver$RemoteTargetLocator@45f756e6
18:41:20.099 [Test worker] INFO  com.phonebook.utils.MyListener -- ****************************************************************
18:41:20.099 [Test worker] INFO  com.phonebook.utils.MyListener -- Target exception org.openqa.selenium.NoAlertPresentException: no such alert
  (Session info: chrome=126.0.6478.114)
Build info: version: '4.21.0', revision: '79ed462ef4'
System info: os.name: 'Windows 11', os.arch: 'amd64', os.version: '10.0', java.version: '11.0.22'
Driver info: org.openqa.selenium.chrome.ChromeDriver
Command: [51926c429f737383bd147c6c87343b8f, getAlertText {}]
Capabilities {acceptInsecureCerts: false, browserName: chrome, browserVersion: 126.0.6478.114, chrome: {chromedriverVersion: 126.0.6478.55 (7616ff175414..., userDataDir: C:\Users\Tanya\AppData\Loca...}, fedcm:accounts: true, goog:chromeOptions: {debuggerAddress: localhost:57529}, networkConnectionEnabled: false, pageLoadStrategy: normal, platformName: windows, proxy: Proxy(), se:cdp: ws://localhost:57529/devtoo..., se:cdpVersion: 126.0.6478.114, setWindowRect: true, strictFileInteractability: false, timeouts: {implicit: 0, pageLoad: 300000, script: 30000}, unhandledPromptBehavior: dismiss and notify, webauthn:extension:credBlob: true, webauthn:extension:largeBlob: true, webauthn:extension:minPinLength: true, webauthn:extension:prf: true, webauthn:virtualAuthenticators: true}
Session ID: 51926c429f737383bd147c6c87343b8f
18:41:20.630 [Test worker] INFO  com.phonebook.utils.MyListener -- Something went wrong!!!
18:41:20.631 [Test worker] INFO  com.phonebook.utils.MyListener -- ****************************************************************
18:41:20.632 [Test worker] INFO  com.phonebook.utils.MyListener -- Method -&gt; alert
18:41:20.633 [Test worker] INFO  com.phonebook.utils.MyListener -- ****************************************************************
18:41:20.634 [Test worker] INFO  com.phonebook.utils.MyListener -- Object target org.openqa.selenium.remote.RemoteWebDriver$RemoteTargetLocator@656f62dc
18:41:20.634 [Test worker] INFO  com.phonebook.utils.MyListener -- ****************************************************************
18:41:20.634 [Test worker] INFO  com.phonebook.utils.MyListener -- Target exception org.openqa.selenium.NoAlertPresentException: no such alert
  (Session info: chrome=126.0.6478.114)
Build info: version: '4.21.0', revision: '79ed462ef4'
System info: os.name: 'Windows 11', os.arch: 'amd64', os.version: '10.0', java.version: '11.0.22'
Driver info: org.openqa.selenium.chrome.ChromeDriver
Command: [51926c429f737383bd147c6c87343b8f, getAlertText {}]
Capabilities {acceptInsecureCerts: false, browserName: chrome, browserVersion: 126.0.6478.114, chrome: {chromedriverVersion: 126.0.6478.55 (7616ff175414..., userDataDir: C:\Users\Tanya\AppData\Loca...}, fedcm:accounts: true, goog:chromeOptions: {debuggerAddress: localhost:57529}, networkConnectionEnabled: false, pageLoadStrategy: normal, platformName: windows, proxy: Proxy(), se:cdp: ws://localhost:57529/devtoo..., se:cdpVersion: 126.0.6478.114, setWindowRect: true, strictFileInteractability: false, timeouts: {implicit: 0, pageLoad: 300000, script: 30000}, unhandledPromptBehavior: dismiss and notify, webauthn:extension:credBlob: true, webauthn:extension:largeBlob: true, webauthn:extension:minPinLength: true, webauthn:extension:prf: true, webauthn:virtualAuthenticators: true}
Session ID: 51926c429f737383bd147c6c87343b8f
18:41:21.157 [Test worker] INFO  com.phonebook.utils.MyListener -- Something went wrong!!!
18:41:21.157 [Test worker] INFO  com.phonebook.utils.MyListener -- ****************************************************************
18:41:21.157 [Test worker] INFO  com.phonebook.utils.MyListener -- Method -&gt; alert
18:41:21.157 [Test worker] INFO  com.phonebook.utils.MyListener -- ****************************************************************
18:41:21.157 [Test worker] INFO  com.phonebook.utils.MyListener -- Object target org.openqa.selenium.remote.RemoteWebDriver$RemoteTargetLocator@5a8c93
18:41:21.157 [Test worker] INFO  com.phonebook.utils.MyListener -- ****************************************************************
18:41:21.157 [Test worker] INFO  com.phonebook.utils.MyListener -- Target exception org.openqa.selenium.NoAlertPresentException: no such alert
  (Session info: chrome=126.0.6478.114)
Build info: version: '4.21.0', revision: '79ed462ef4'
System info: os.name: 'Windows 11', os.arch: 'amd64', os.version: '10.0', java.version: '11.0.22'
Driver info: org.openqa.selenium.chrome.ChromeDriver
Command: [51926c429f737383bd147c6c87343b8f, getAlertText {}]
Capabilities {acceptInsecureCerts: false, browserName: chrome, browserVersion: 126.0.6478.114, chrome: {chromedriverVersion: 126.0.6478.55 (7616ff175414..., userDataDir: C:\Users\Tanya\AppData\Loca...}, fedcm:accounts: true, goog:chromeOptions: {debuggerAddress: localhost:57529}, networkConnectionEnabled: false, pageLoadStrategy: normal, platformName: windows, proxy: Proxy(), se:cdp: ws://localhost:57529/devtoo..., se:cdpVersion: 126.0.6478.114, setWindowRect: true, strictFileInteractability: false, timeouts: {implicit: 0, pageLoad: 300000, script: 30000}, unhandledPromptBehavior: dismiss and notify, webauthn:extension:credBlob: true, webauthn:extension:largeBlob: true, webauthn:extension:minPinLength: true, webauthn:extension:prf: true, webauthn:virtualAuthenticators: true}
Session ID: 51926c429f737383bd147c6c87343b8f
18:41:21.687 [Test worker] INFO  com.phonebook.utils.MyListener -- Something went wrong!!!
18:41:21.687 [Test worker] INFO  com.phonebook.utils.MyListener -- ****************************************************************
18:41:21.687 [Test worker] INFO  com.phonebook.utils.MyListener -- Method -&gt; alert
18:41:21.687 [Test worker] INFO  com.phonebook.utils.MyListener -- ****************************************************************
18:41:21.687 [Test worker] INFO  com.phonebook.utils.MyListener -- Object target org.openqa.selenium.remote.RemoteWebDriver$RemoteTargetLocator@1c7350b0
18:41:21.687 [Test worker] INFO  com.phonebook.utils.MyListener -- ****************************************************************
18:41:21.689 [Test worker] INFO  com.phonebook.utils.MyListener -- Target exception org.openqa.selenium.NoAlertPresentException: no such alert
  (Session info: chrome=126.0.6478.114)
Build info: version: '4.21.0', revision: '79ed462ef4'
System info: os.name: 'Windows 11', os.arch: 'amd64', os.version: '10.0', java.version: '11.0.22'
Driver info: org.openqa.selenium.chrome.ChromeDriver
Command: [51926c429f737383bd147c6c87343b8f, getAlertText {}]
Capabilities {acceptInsecureCerts: false, browserName: chrome, browserVersion: 126.0.6478.114, chrome: {chromedriverVersion: 126.0.6478.55 (7616ff175414..., userDataDir: C:\Users\Tanya\AppData\Loca...}, fedcm:accounts: true, goog:chromeOptions: {debuggerAddress: localhost:57529}, networkConnectionEnabled: false, pageLoadStrategy: normal, platformName: windows, proxy: Proxy(), se:cdp: ws://localhost:57529/devtoo..., se:cdpVersion: 126.0.6478.114, setWindowRect: true, strictFileInteractability: false, timeouts: {implicit: 0, pageLoad: 300000, script: 30000}, unhandledPromptBehavior: dismiss and notify, webauthn:extension:credBlob: true, webauthn:extension:largeBlob: true, webauthn:extension:minPinLength: true, webauthn:extension:prf: true, webauthn:virtualAuthenticators: true}
Session ID: 51926c429f737383bd147c6c87343b8f
18:41:22.218 [Test worker] INFO  com.phonebook.utils.MyListener -- Something went wrong!!!
18:41:22.219 [Test worker] INFO  com.phonebook.utils.MyListener -- ****************************************************************
18:41:22.219 [Test worker] INFO  com.phonebook.utils.MyListener -- Method -&gt; alert
18:41:22.219 [Test worker] INFO  com.phonebook.utils.MyListener -- ****************************************************************
18:41:22.219 [Test worker] INFO  com.phonebook.utils.MyListener -- Object target org.openqa.selenium.remote.RemoteWebDriver$RemoteTargetLocator@2b0dc227
18:41:22.219 [Test worker] INFO  com.phonebook.utils.MyListener -- ****************************************************************
18:41:22.219 [Test worker] INFO  com.phonebook.utils.MyListener -- Target exception org.openqa.selenium.NoAlertPresentException: no such alert
  (Session info: chrome=126.0.6478.114)
Build info: version: '4.21.0', revision: '79ed462ef4'
System info: os.name: 'Windows 11', os.arch: 'amd64', os.version: '10.0', java.version: '11.0.22'
Driver info: org.openqa.selenium.chrome.ChromeDriver
Command: [51926c429f737383bd147c6c87343b8f, getAlertText {}]
Capabilities {acceptInsecureCerts: false, browserName: chrome, browserVersion: 126.0.6478.114, chrome: {chromedriverVersion: 126.0.6478.55 (7616ff175414..., userDataDir: C:\Users\Tanya\AppData\Loca...}, fedcm:accounts: true, goog:chromeOptions: {debuggerAddress: localhost:57529}, networkConnectionEnabled: false, pageLoadStrategy: normal, platformName: windows, proxy: Proxy(), se:cdp: ws://localhost:57529/devtoo..., se:cdpVersion: 126.0.6478.114, setWindowRect: true, strictFileInteractability: false, timeouts: {implicit: 0, pageLoad: 300000, script: 30000}, unhandledPromptBehavior: dismiss and notify, webauthn:extension:credBlob: true, webauthn:extension:largeBlob: true, webauthn:extension:minPinLength: true, webauthn:extension:prf: true, webauthn:virtualAuthenticators: true}
Session ID: 51926c429f737383bd147c6c87343b8f
18:41:22.753 [Test worker] INFO  com.phonebook.utils.MyListener -- Something went wrong!!!
18:41:22.754 [Test worker] INFO  com.phonebook.utils.MyListener -- ****************************************************************
18:41:22.754 [Test worker] INFO  com.phonebook.utils.MyListener -- Method -&gt; alert
18:41:22.754 [Test worker] INFO  com.phonebook.utils.MyListener -- ****************************************************************
18:41:22.755 [Test worker] INFO  com.phonebook.utils.MyListener -- Object target org.openqa.selenium.remote.RemoteWebDriver$RemoteTargetLocator@2a334bac
18:41:22.755 [Test worker] INFO  com.phonebook.utils.MyListener -- ****************************************************************
18:41:22.755 [Test worker] INFO  com.phonebook.utils.MyListener -- Target exception org.openqa.selenium.NoAlertPresentException: no such alert
  (Session info: chrome=126.0.6478.114)
Build info: version: '4.21.0', revision: '79ed462ef4'
System info: os.name: 'Windows 11', os.arch: 'amd64', os.version: '10.0', java.version: '11.0.22'
Driver info: org.openqa.selenium.chrome.ChromeDriver
Command: [51926c429f737383bd147c6c87343b8f, getAlertText {}]
Capabilities {acceptInsecureCerts: false, browserName: chrome, browserVersion: 126.0.6478.114, chrome: {chromedriverVersion: 126.0.6478.55 (7616ff175414..., userDataDir: C:\Users\Tanya\AppData\Loca...}, fedcm:accounts: true, goog:chromeOptions: {debuggerAddress: localhost:57529}, networkConnectionEnabled: false, pageLoadStrategy: normal, platformName: windows, proxy: Proxy(), se:cdp: ws://localhost:57529/devtoo..., se:cdpVersion: 126.0.6478.114, setWindowRect: true, strictFileInteractability: false, timeouts: {implicit: 0, pageLoad: 300000, script: 30000}, unhandledPromptBehavior: dismiss and notify, webauthn:extension:credBlob: true, webauthn:extension:largeBlob: true, webauthn:extension:minPinLength: true, webauthn:extension:prf: true, webauthn:virtualAuthenticators: true}
Session ID: 51926c429f737383bd147c6c87343b8f
18:41:23.282 [Test worker] INFO  com.phonebook.utils.MyListener -- Something went wrong!!!
18:41:23.282 [Test worker] INFO  com.phonebook.utils.MyListener -- ****************************************************************
18:41:23.282 [Test worker] INFO  com.phonebook.utils.MyListener -- Method -&gt; alert
18:41:23.282 [Test worker] INFO  com.phonebook.utils.MyListener -- ****************************************************************
18:41:23.282 [Test worker] INFO  com.phonebook.utils.MyListener -- Object target org.openqa.selenium.remote.RemoteWebDriver$RemoteTargetLocator@3c854752
18:41:23.282 [Test worker] INFO  com.phonebook.utils.MyListener -- ****************************************************************
18:41:23.282 [Test worker] INFO  com.phonebook.utils.MyListener -- Target exception org.openqa.selenium.NoAlertPresentException: no such alert
  (Session info: chrome=126.0.6478.114)
Build info: version: '4.21.0', revision: '79ed462ef4'
System info: os.name: 'Windows 11', os.arch: 'amd64', os.version: '10.0', java.version: '11.0.22'
Driver info: org.openqa.selenium.chrome.ChromeDriver
Command: [51926c429f737383bd147c6c87343b8f, getAlertText {}]
Capabilities {acceptInsecureCerts: false, browserName: chrome, browserVersion: 126.0.6478.114, chrome: {chromedriverVersion: 126.0.6478.55 (7616ff175414..., userDataDir: C:\Users\Tanya\AppData\Loca...}, fedcm:accounts: true, goog:chromeOptions: {debuggerAddress: localhost:57529}, networkConnectionEnabled: false, pageLoadStrategy: normal, platformName: windows, proxy: Proxy(), se:cdp: ws://localhost:57529/devtoo..., se:cdpVersion: 126.0.6478.114, setWindowRect: true, strictFileInteractability: false, timeouts: {implicit: 0, pageLoad: 300000, script: 30000}, unhandledPromptBehavior: dismiss and notify, webauthn:extension:credBlob: true, webauthn:extension:largeBlob: true, webauthn:extension:minPinLength: true, webauthn:extension:prf: true, webauthn:virtualAuthenticators: true}
Session ID: 51926c429f737383bd147c6c87343b8f
18:41:23.807 [Test worker] INFO  com.phonebook.utils.MyListener -- Something went wrong!!!
18:41:23.807 [Test worker] INFO  com.phonebook.utils.MyListener -- ****************************************************************
18:41:23.807 [Test worker] INFO  com.phonebook.utils.MyListener -- Method -&gt; alert
18:41:23.807 [Test worker] INFO  com.phonebook.utils.MyListener -- ****************************************************************
18:41:23.809 [Test worker] INFO  com.phonebook.utils.MyListener -- Object target org.openqa.selenium.remote.RemoteWebDriver$RemoteTargetLocator@210d2a6c
18:41:23.810 [Test worker] INFO  com.phonebook.utils.MyListener -- ****************************************************************
18:41:23.811 [Test worker] INFO  com.phonebook.utils.MyListener -- Target exception org.openqa.selenium.NoAlertPresentException: no such alert
  (Session info: chrome=126.0.6478.114)
Build info: version: '4.21.0', revision: '79ed462ef4'
System info: os.name: 'Windows 11', os.arch: 'amd64', os.version: '10.0', java.version: '11.0.22'
Driver info: org.openqa.selenium.chrome.ChromeDriver
Command: [51926c429f737383bd147c6c87343b8f, getAlertText {}]
Capabilities {acceptInsecureCerts: false, browserName: chrome, browserVersion: 126.0.6478.114, chrome: {chromedriverVersion: 126.0.6478.55 (7616ff175414..., userDataDir: C:\Users\Tanya\AppData\Loca...}, fedcm:accounts: true, goog:chromeOptions: {debuggerAddress: localhost:57529}, networkConnectionEnabled: false, pageLoadStrategy: normal, platformName: windows, proxy: Proxy(), se:cdp: ws://localhost:57529/devtoo..., se:cdpVersion: 126.0.6478.114, setWindowRect: true, strictFileInteractability: false, timeouts: {implicit: 0, pageLoad: 300000, script: 30000}, unhandledPromptBehavior: dismiss and notify, webauthn:extension:credBlob: true, webauthn:extension:largeBlob: true, webauthn:extension:minPinLength: true, webauthn:extension:prf: true, webauthn:virtualAuthenticators: true}
Session ID: 51926c429f737383bd147c6c87343b8f
18:41:24.330 [Test worker] INFO  com.phonebook.utils.MyListener -- Something went wrong!!!
18:41:24.330 [Test worker] INFO  com.phonebook.utils.MyListener -- ****************************************************************
18:41:24.330 [Test worker] INFO  com.phonebook.utils.MyListener -- Method -&gt; alert
18:41:24.330 [Test worker] INFO  com.phonebook.utils.MyListener -- ****************************************************************
18:41:24.330 [Test worker] INFO  com.phonebook.utils.MyListener -- Object target org.openqa.selenium.remote.RemoteWebDriver$RemoteTargetLocator@77c10a5f
18:41:24.330 [Test worker] INFO  com.phonebook.utils.MyListener -- ****************************************************************
18:41:24.331 [Test worker] INFO  com.phonebook.utils.MyListener -- Target exception org.openqa.selenium.NoAlertPresentException: no such alert
  (Session info: chrome=126.0.6478.114)
Build info: version: '4.21.0', revision: '79ed462ef4'
System info: os.name: 'Windows 11', os.arch: 'amd64', os.version: '10.0', java.version: '11.0.22'
Driver info: org.openqa.selenium.chrome.ChromeDriver
Command: [51926c429f737383bd147c6c87343b8f, getAlertText {}]
Capabilities {acceptInsecureCerts: false, browserName: chrome, browserVersion: 126.0.6478.114, chrome: {chromedriverVersion: 126.0.6478.55 (7616ff175414..., userDataDir: C:\Users\Tanya\AppData\Loca...}, fedcm:accounts: true, goog:chromeOptions: {debuggerAddress: localhost:57529}, networkConnectionEnabled: false, pageLoadStrategy: normal, platformName: windows, proxy: Proxy(), se:cdp: ws://localhost:57529/devtoo..., se:cdpVersion: 126.0.6478.114, setWindowRect: true, strictFileInteractability: false, timeouts: {implicit: 0, pageLoad: 300000, script: 30000}, unhandledPromptBehavior: dismiss and notify, webauthn:extension:credBlob: true, webauthn:extension:largeBlob: true, webauthn:extension:minPinLength: true, webauthn:extension:prf: true, webauthn:virtualAuthenticators: true}
Session ID: 51926c429f737383bd147c6c87343b8f
18:41:24.856 [Test worker] INFO  com.phonebook.utils.MyListener -- Something went wrong!!!
18:41:24.856 [Test worker] INFO  com.phonebook.utils.MyListener -- ****************************************************************
18:41:24.856 [Test worker] INFO  com.phonebook.utils.MyListener -- Method -&gt; alert
18:41:24.856 [Test worker] INFO  com.phonebook.utils.MyListener -- ****************************************************************
18:41:24.856 [Test worker] INFO  com.phonebook.utils.MyListener -- Object target org.openqa.selenium.remote.RemoteWebDriver$RemoteTargetLocator@355c94be
18:41:24.856 [Test worker] INFO  com.phonebook.utils.MyListener -- ****************************************************************
18:41:24.857 [Test worker] INFO  com.phonebook.utils.MyListener -- Target exception org.openqa.selenium.NoAlertPresentException: no such alert
  (Session info: chrome=126.0.6478.114)
Build info: version: '4.21.0', revision: '79ed462ef4'
System info: os.name: 'Windows 11', os.arch: 'amd64', os.version: '10.0', java.version: '11.0.22'
Driver info: org.openqa.selenium.chrome.ChromeDriver
Command: [51926c429f737383bd147c6c87343b8f, getAlertText {}]
Capabilities {acceptInsecureCerts: false, browserName: chrome, browserVersion: 126.0.6478.114, chrome: {chromedriverVersion: 126.0.6478.55 (7616ff175414..., userDataDir: C:\Users\Tanya\AppData\Loca...}, fedcm:accounts: true, goog:chromeOptions: {debuggerAddress: localhost:57529}, networkConnectionEnabled: false, pageLoadStrategy: normal, platformName: windows, proxy: Proxy(), se:cdp: ws://localhost:57529/devtoo..., se:cdpVersion: 126.0.6478.114, setWindowRect: true, strictFileInteractability: false, timeouts: {implicit: 0, pageLoad: 300000, script: 30000}, unhandledPromptBehavior: dismiss and notify, webauthn:extension:credBlob: true, webauthn:extension:largeBlob: true, webauthn:extension:minPinLength: true, webauthn:extension:prf: true, webauthn:virtualAuthenticators: true}
Session ID: 51926c429f737383bd147c6c87343b8f
18:41:25.385 [Test worker] INFO  com.phonebook.utils.MyListener -- Something went wrong!!!
18:41:25.385 [Test worker] INFO  com.phonebook.utils.MyListener -- ****************************************************************
18:41:25.385 [Test worker] INFO  com.phonebook.utils.MyListener -- Method -&gt; alert
18:41:25.386 [Test worker] INFO  com.phonebook.utils.MyListener -- ****************************************************************
18:41:25.386 [Test worker] INFO  com.phonebook.utils.MyListener -- Object target org.openqa.selenium.remote.RemoteWebDriver$RemoteTargetLocator@1dd74143
18:41:25.386 [Test worker] INFO  com.phonebook.utils.MyListener -- ****************************************************************
18:41:25.386 [Test worker] INFO  com.phonebook.utils.MyListener -- Target exception org.openqa.selenium.NoAlertPresentException: no such alert
  (Session info: chrome=126.0.6478.114)
Build info: version: '4.21.0', revision: '79ed462ef4'
System info: os.name: 'Windows 11', os.arch: 'amd64', os.version: '10.0', java.version: '11.0.22'
Driver info: org.openqa.selenium.chrome.ChromeDriver
Command: [51926c429f737383bd147c6c87343b8f, getAlertText {}]
Capabilities {acceptInsecureCerts: false, browserName: chrome, browserVersion: 126.0.6478.114, chrome: {chromedriverVersion: 126.0.6478.55 (7616ff175414..., userDataDir: C:\Users\Tanya\AppData\Loca...}, fedcm:accounts: true, goog:chromeOptions: {debuggerAddress: localhost:57529}, networkConnectionEnabled: false, pageLoadStrategy: normal, platformName: windows, proxy: Proxy(), se:cdp: ws://localhost:57529/devtoo..., se:cdpVersion: 126.0.6478.114, setWindowRect: true, strictFileInteractability: false, timeouts: {implicit: 0, pageLoad: 300000, script: 30000}, unhandledPromptBehavior: dismiss and notify, webauthn:extension:credBlob: true, webauthn:extension:largeBlob: true, webauthn:extension:minPinLength: true, webauthn:extension:prf: true, webauthn:virtualAuthenticators: true}
Session ID: 51926c429f737383bd147c6c87343b8f
18:41:25.910 [Test worker] INFO  com.phonebook.utils.MyListener -- Something went wrong!!!
18:41:25.910 [Test worker] INFO  com.phonebook.utils.MyListener -- ****************************************************************
18:41:25.910 [Test worker] INFO  com.phonebook.utils.MyListener -- Method -&gt; alert
18:41:25.911 [Test worker] INFO  com.phonebook.utils.MyListener -- ****************************************************************
18:41:25.911 [Test worker] INFO  com.phonebook.utils.MyListener -- Object target org.openqa.selenium.remote.RemoteWebDriver$RemoteTargetLocator@66f28a1f
18:41:25.911 [Test worker] INFO  com.phonebook.utils.MyListener -- ****************************************************************
18:41:25.911 [Test worker] INFO  com.phonebook.utils.MyListener -- Target exception org.openqa.selenium.NoAlertPresentException: no such alert
  (Session info: chrome=126.0.6478.114)
Build info: version: '4.21.0', revision: '79ed462ef4'
System info: os.name: 'Windows 11', os.arch: 'amd64', os.version: '10.0', java.version: '11.0.22'
Driver info: org.openqa.selenium.chrome.ChromeDriver
Command: [51926c429f737383bd147c6c87343b8f, getAlertText {}]
Capabilities {acceptInsecureCerts: false, browserName: chrome, browserVersion: 126.0.6478.114, chrome: {chromedriverVersion: 126.0.6478.55 (7616ff175414..., userDataDir: C:\Users\Tanya\AppData\Loca...}, fedcm:accounts: true, goog:chromeOptions: {debuggerAddress: localhost:57529}, networkConnectionEnabled: false, pageLoadStrategy: normal, platformName: windows, proxy: Proxy(), se:cdp: ws://localhost:57529/devtoo..., se:cdpVersion: 126.0.6478.114, setWindowRect: true, strictFileInteractability: false, timeouts: {implicit: 0, pageLoad: 300000, script: 30000}, unhandledPromptBehavior: dismiss and notify, webauthn:extension:credBlob: true, webauthn:extension:largeBlob: true, webauthn:extension:minPinLength: true, webauthn:extension:prf: true, webauthn:virtualAuthenticators: true}
Session ID: 51926c429f737383bd147c6c87343b8f
18:41:26.441 [Test worker] INFO  com.phonebook.utils.MyListener -- Something went wrong!!!
18:41:26.442 [Test worker] INFO  com.phonebook.utils.MyListener -- ****************************************************************
18:41:26.442 [Test worker] INFO  com.phonebook.utils.MyListener -- Method -&gt; alert
18:41:26.442 [Test worker] INFO  com.phonebook.utils.MyListener -- ****************************************************************
18:41:26.442 [Test worker] INFO  com.phonebook.utils.MyListener -- Object target org.openqa.selenium.remote.RemoteWebDriver$RemoteTargetLocator@df921b1
18:41:26.443 [Test worker] INFO  com.phonebook.utils.MyListener -- ****************************************************************
18:41:26.443 [Test worker] INFO  com.phonebook.utils.MyListener -- Target exception org.openqa.selenium.NoAlertPresentException: no such alert
  (Session info: chrome=126.0.6478.114)
Build info: version: '4.21.0', revision: '79ed462ef4'
System info: os.name: 'Windows 11', os.arch: 'amd64', os.version: '10.0', java.version: '11.0.22'
Driver info: org.openqa.selenium.chrome.ChromeDriver
Command: [51926c429f737383bd147c6c87343b8f, getAlertText {}]
Capabilities {acceptInsecureCerts: false, browserName: chrome, browserVersion: 126.0.6478.114, chrome: {chromedriverVersion: 126.0.6478.55 (7616ff175414..., userDataDir: C:\Users\Tanya\AppData\Loca...}, fedcm:accounts: true, goog:chromeOptions: {debuggerAddress: localhost:57529}, networkConnectionEnabled: false, pageLoadStrategy: normal, platformName: windows, proxy: Proxy(), se:cdp: ws://localhost:57529/devtoo..., se:cdpVersion: 126.0.6478.114, setWindowRect: true, strictFileInteractability: false, timeouts: {implicit: 0, pageLoad: 300000, script: 30000}, unhandledPromptBehavior: dismiss and notify, webauthn:extension:credBlob: true, webauthn:extension:largeBlob: true, webauthn:extension:minPinLength: true, webauthn:extension:prf: true, webauthn:virtualAuthenticators: true}
Session ID: 51926c429f737383bd147c6c87343b8f
18:41:27.100 [Test worker] ERROR com.phonebook.tests.TestBase -- FAILED: loginNegativeWithoutEmailTestC:\QA\Phonebook\screenshots\screen-1718988087028.png
18:41:27.100 [Test worker] INFO  com.phonebook.tests.TestBase -- Stop test
18:41:27.100 [Test worker] INFO  com.phonebook.tests.TestBase -- ===================================================================================
</pre>
</span>
</div>
</div>
<div id="footer">
<p>
<div>
<label class="hidden" id="label-for-line-wrapping-toggle" for="line-wrapping-toggle">Wrap lines
<input id="line-wrapping-toggle" type="checkbox" autocomplete="off"/>
</label>
</div>Generated by 
<a href="http://www.gradle.org">Gradle 8.8</a> at 21 . 2024 ., 18:41:28</p>
</div>
</div>
</body>
</html>
